2026-01-02 18:22:36,897 - INFO - Starting move operation...
2026-01-02 18:22:36,897 - INFO - Moving 9 submodules...
2026-01-02 18:22:36,897 - INFO - Processing submodule: container
2026-01-02 18:22:36,897 - INFO - Moving /home/thomas/Workspace/dot.work/src/dot_work/container -> /home/thomas/Workspace/dot.work/.temp-original-submodules/container
2026-01-02 18:22:36,898 - DEBUG - Verifying checksums: /home/thomas/Workspace/dot.work/.temp-original-submodules/container -> /home/thomas/Workspace/dot.work/.temp-original-submodules/container
2026-01-02 18:22:36,900 - DEBUG - All checksums match
2026-01-02 18:22:36,900 - INFO - Moved container: 18 files, 0.14 MB in 0.00s
2026-01-02 18:22:36,901 - DEBUG - Test directory not found: /home/thomas/Workspace/dot.work/tests/unit/container
2026-01-02 18:22:36,901 - DEBUG - Test directory not found: /home/thomas/Workspace/dot.work/tests/integration/container/provision
2026-01-02 18:22:36,901 - INFO - ✓ Completed container in 0.00s
2026-01-02 18:22:36,901 - INFO - Processing submodule: git
2026-01-02 18:22:36,901 - INFO - Moving /home/thomas/Workspace/dot.work/src/dot_work/git -> /home/thomas/Workspace/dot.work/.temp-original-submodules/git
2026-01-02 18:22:36,902 - DEBUG - Verifying checksums: /home/thomas/Workspace/dot.work/.temp-original-submodules/git -> /home/thomas/Workspace/dot.work/.temp-original-submodules/git
2026-01-02 18:22:36,904 - DEBUG - All checksums match
2026-01-02 18:22:36,904 - INFO - Moved git: 24 files, 0.37 MB in 0.00s
2026-01-02 18:22:36,905 - DEBUG - Test directory not found: /home/thomas/Workspace/dot.work/tests/unit/git
2026-01-02 18:22:36,905 - DEBUG - Test directory not found: /home/thomas/Workspace/dot.work/tests/integration/test_git_history
2026-01-02 18:22:36,905 - INFO - ✓ Completed git in 0.00s
2026-01-02 18:22:36,905 - INFO - Processing submodule: harness
2026-01-02 18:22:36,905 - INFO - Moving /home/thomas/Workspace/dot.work/src/dot_work/harness -> /home/thomas/Workspace/dot.work/.temp-original-submodules/harness
2026-01-02 18:22:36,905 - DEBUG - Verifying checksums: /home/thomas/Workspace/dot.work/.temp-original-submodules/harness -> /home/thomas/Workspace/dot.work/.temp-original-submodules/harness
2026-01-02 18:22:36,907 - DEBUG - All checksums match
2026-01-02 18:22:36,907 - INFO - Moved harness: 8 files, 0.04 MB in 0.00s
2026-01-02 18:22:36,907 - DEBUG - Test directory not found: /home/thomas/Workspace/dot.work/tests/unit/harness
2026-01-02 18:22:36,907 - INFO - ✓ Completed harness in 0.00s
2026-01-02 18:22:36,907 - INFO - Processing submodule: db_issues
2026-01-02 18:22:36,907 - INFO - Moving /home/thomas/Workspace/dot.work/src/dot_work/db_issues -> /home/thomas/Workspace/dot.work/.temp-original-submodules/db_issues
2026-01-02 18:22:36,908 - DEBUG - Verifying checksums: /home/thomas/Workspace/dot.work/.temp-original-submodules/db_issues -> /home/thomas/Workspace/dot.work/.temp-original-submodules/db_issues
2026-01-02 18:22:36,913 - DEBUG - All checksums match
2026-01-02 18:22:36,913 - INFO - Moved db_issues: 50 files, 1.09 MB in 0.01s
2026-01-02 18:22:36,914 - DEBUG - Test directory not found: /home/thomas/Workspace/dot.work/tests/unit/db_issues
2026-01-02 18:22:36,914 - DEBUG - Test directory not found: /home/thomas/Workspace/dot.work/tests/integration/db_issues
2026-01-02 18:22:36,914 - INFO - ✓ Completed db_issues in 0.01s
2026-01-02 18:22:36,914 - INFO - Processing submodule: knowledge_graph
2026-01-02 18:22:36,914 - INFO - Moving /home/thomas/Workspace/dot.work/src/dot_work/knowledge_graph -> /home/thomas/Workspace/dot.work/.temp-original-submodules/knowledge_graph
2026-01-02 18:22:36,915 - DEBUG - Verifying checksums: /home/thomas/Workspace/dot.work/.temp-original-submodules/knowledge_graph -> /home/thomas/Workspace/dot.work/.temp-original-submodules/knowledge_graph
2026-01-02 18:22:36,917 - DEBUG - All checksums match
2026-01-02 18:22:36,917 - INFO - Moved knowledge_graph: 32 files, 0.35 MB in 0.00s
2026-01-02 18:22:36,918 - DEBUG - Test directory not found: /home/thomas/Workspace/dot.work/tests/unit/knowledge_graph
2026-01-02 18:22:36,918 - DEBUG - Test directory not found: /home/thomas/Workspace/dot.work/tests/integration/knowledge_graph
2026-01-02 18:22:36,918 - INFO - ✓ Completed knowledge_graph in 0.00s
2026-01-02 18:22:36,918 - INFO - Processing submodule: overview
2026-01-02 18:22:36,918 - INFO - Moving /home/thomas/Workspace/dot.work/src/dot_work/overview -> /home/thomas/Workspace/dot.work/.temp-original-submodules/overview
2026-01-02 18:22:36,918 - DEBUG - Verifying checksums: /home/thomas/Workspace/dot.work/.temp-original-submodules/overview -> /home/thomas/Workspace/dot.work/.temp-original-submodules/overview
2026-01-02 18:22:36,920 - DEBUG - All checksums match
2026-01-02 18:22:36,920 - INFO - Moved overview: 14 files, 0.08 MB in 0.00s
2026-01-02 18:22:36,920 - DEBUG - Test directory not found: /home/thomas/Workspace/dot.work/tests/unit/overview
2026-01-02 18:22:36,920 - INFO - ✓ Completed overview in 0.00s
2026-01-02 18:22:36,920 - INFO - Processing submodule: python
2026-01-02 18:22:36,921 - INFO - Moving /home/thomas/Workspace/dot.work/src/dot_work/python -> /home/thomas/Workspace/dot.work/.temp-original-submodules/python
2026-01-02 18:22:36,921 - DEBUG - Verifying checksums: /home/thomas/Workspace/dot.work/.temp-original-submodules/python -> /home/thomas/Workspace/dot.work/.temp-original-submodules/python
2026-01-02 18:22:36,924 - DEBUG - All checksums match
2026-01-02 18:22:36,925 - INFO - Moved python: 38 files, 0.22 MB in 0.00s
2026-01-02 18:22:36,925 - DEBUG - Test directory not found: /home/thomas/Workspace/dot.work/tests/unit/python/build
2026-01-02 18:22:36,925 - DEBUG - Test directory not found: /home/thomas/Workspace/dot.work/tests/unit/python/scan
2026-01-02 18:22:36,925 - INFO - ✓ Completed python in 0.01s
2026-01-02 18:22:36,925 - INFO - Processing submodule: review
2026-01-02 18:22:36,925 - INFO - Moving /home/thomas/Workspace/dot.work/src/dot_work/review -> /home/thomas/Workspace/dot.work/.temp-original-submodules/review
2026-01-02 18:22:36,926 - DEBUG - Verifying checksums: /home/thomas/Workspace/dot.work/.temp-original-submodules/review -> /home/thomas/Workspace/dot.work/.temp-original-submodules/review
2026-01-02 18:22:36,927 - DEBUG - All checksums match
2026-01-02 18:22:36,927 - INFO - Moved review: 17 files, 0.11 MB in 0.00s
2026-01-02 18:22:36,927 - DEBUG - Test directory not found: /home/thomas/Workspace/dot.work/tests/unit/review
2026-01-02 18:22:36,928 - DEBUG - Test directory not found: /home/thomas/Workspace/dot.work/tests/integration/test_server
2026-01-02 18:22:36,928 - INFO - ✓ Completed review in 0.00s
2026-01-02 18:22:36,928 - INFO - Processing submodule: version
2026-01-02 18:22:36,928 - INFO - Moving /home/thomas/Workspace/dot.work/src/dot_work/version -> /home/thomas/Workspace/dot.work/.temp-original-submodules/version
2026-01-02 18:22:36,928 - DEBUG - Verifying checksums: /home/thomas/Workspace/dot.work/.temp-original-submodules/version -> /home/thomas/Workspace/dot.work/.temp-original-submodules/version
2026-01-02 18:22:36,929 - DEBUG - All checksums match
2026-01-02 18:22:36,929 - INFO - Moved version: 14 files, 0.09 MB in 0.00s
2026-01-02 18:22:36,929 - DEBUG - Test directory not found: /home/thomas/Workspace/dot.work/tests/unit/version
2026-01-02 18:22:36,930 - INFO - ✓ Completed version in 0.00s
2026-01-02 18:22:36,930 - INFO - Generated report: /home/thomas/Workspace/dot.work/move-original-submodules-report.csv
2026-01-02 18:22:36,930 - INFO - 
Move complete: 9/9 succeeded
2026-01-02 18:22:36,930 - INFO - Report: /home/thomas/Workspace/dot.work/move-original-submodules-report.csv
